[0.045s] DEBUG:colcon:Command line arguments: ['/usr/bin/colcon', 'build', '--packages-select', 'tactile_sensing']
[0.045s] DEBUG:colcon:Parsed command line arguments: Namespace(log_base=None, log_level=None, verb_name='build', build_base='build', install_base='install', merge_install=False, symlink_install=False, test_result_base=None, continue_on_error=False, executor='parallel', parallel_workers=22, event_handlers=None, ignore_user_meta=False, metas=['./colcon.meta'], base_paths=['.'], packages_ignore=None, packages_ignore_regex=None, paths=None, packages_up_to=None, packages_up_to_regex=None, packages_above=None, packages_above_and_dependencies=None, packages_above_depth=None, packages_select_by_dep=None, packages_skip_by_dep=None, packages_skip_up_to=None, packages_select_build_failed=False, packages_skip_build_finished=False, packages_select_test_failures=False, packages_skip_test_passed=False, packages_select=['tactile_sensing'], packages_skip=None, packages_select_regex=None, packages_skip_regex=None, packages_start=None, packages_end=None, allow_overriding=[], cmake_args=None, cmake_target=None, cmake_target_skip_unavailable=False, cmake_clean_cache=False, cmake_clean_first=False, cmake_force_configure=False, ament_cmake_args=None, catkin_cmake_args=None, catkin_skip_building_tests=False, verb_parser=<colcon_defaults.argument_parser.defaults.DefaultArgumentsDecorator object at 0x707d4498dd20>, verb_extension=<colcon_core.verb.build.BuildVerb object at 0x707d44b070d0>, main=<bound method BuildVerb.main of <colcon_core.verb.build.BuildVerb object at 0x707d44b070d0>>)
[0.101s] Level 1:colcon.colcon_core.package_discovery:discover_packages(colcon_meta) check parameters
[0.101s] Level 1:colcon.colcon_core.package_discovery:discover_packages(recursive) check parameters
[0.102s] Level 1:colcon.colcon_core.package_discovery:discover_packages(ignore) check parameters
[0.102s] Level 1:colcon.colcon_core.package_discovery:discover_packages(path) check parameters
[0.102s] Level 1:colcon.colcon_core.package_discovery:discover_packages(colcon_meta) discover
[0.102s] Level 1:colcon.colcon_core.package_discovery:discover_packages(recursive) discover
[0.102s] INFO:colcon.colcon_core.package_discovery:Crawling recursively for packages in '/home/amey/robot_learning/tactile_ws'
[0.102s] Level 1:colcon.colcon_core.package_identification:_identify(.) by extensions ['ignore', 'ignore_ament_install']
[0.102s] Level 1:colcon.colcon_core.package_identification:_identify(.) by extension 'ignore'
[0.102s] Level 1:colcon.colcon_core.package_identification:_identify(.) by extension 'ignore_ament_install'
[0.102s] Level 1:colcon.colcon_core.package_identification:_identify(.) by extensions ['colcon_pkg']
[0.102s] Level 1:colcon.colcon_core.package_identification:_identify(.) by extension 'colcon_pkg'
[0.102s] Level 1:colcon.colcon_core.package_identification:_identify(.) by extensions ['colcon_meta']
[0.102s] Level 1:colcon.colcon_core.package_identification:_identify(.) by extension 'colcon_meta'
[0.102s] Level 1:colcon.colcon_core.package_identification:_identify(.) by extensions ['ros']
[0.102s] Level 1:colcon.colcon_core.package_identification:_identify(.) by extension 'ros'
[0.108s] Level 1:colcon.colcon_core.package_identification:_identify(.) by extensions ['cmake', 'python']
[0.108s] Level 1:colcon.colcon_core.package_identification:_identify(.) by extension 'cmake'
[0.108s] Level 1:colcon.colcon_core.package_identification:_identify(.) by extension 'python'
[0.108s] Level 1:colcon.colcon_core.package_identification:_identify(.) by extensions ['python_setup_py']
[0.108s] Level 1:colcon.colcon_core.package_identification:_identify(.) by extension 'python_setup_py'
[0.108s] Level 1:colcon.colcon_core.package_identification:_identify(build) by extensions ['ignore', 'ignore_ament_install']
[0.108s] Level 1:colcon.colcon_core.package_identification:_identify(build) by extension 'ignore'
[0.108s] Level 1:colcon.colcon_core.package_identification:_identify(build) ignored
[0.108s] Level 1:colcon.colcon_core.package_identification:_identify(install) by extensions ['ignore', 'ignore_ament_install']
[0.108s] Level 1:colcon.colcon_core.package_identification:_identify(install) by extension 'ignore'
[0.108s] Level 1:colcon.colcon_core.package_identification:_identify(install) ignored
[0.108s] Level 1:colcon.colcon_core.package_identification:_identify(log) by extensions ['ignore', 'ignore_ament_install']
[0.108s] Level 1:colcon.colcon_core.package_identification:_identify(log) by extension 'ignore'
[0.108s] Level 1:colcon.colcon_core.package_identification:_identify(log) ignored
[0.108s] Level 1:colcon.colcon_core.package_identification:_identify(src) by extensions ['ignore', 'ignore_ament_install']
[0.108s] Level 1:colcon.colcon_core.package_identification:_identify(src) by extension 'ignore'
[0.108s] Level 1:colcon.colcon_core.package_identification:_identify(src) by extension 'ignore_ament_install'
[0.108s] Level 1:colcon.colcon_core.package_identification:_identify(src) by extensions ['colcon_pkg']
[0.108s] Level 1:colcon.colcon_core.package_identification:_identify(src) by extension 'colcon_pkg'
[0.108s] Level 1:colcon.colcon_core.package_identification:_identify(src) by extensions ['colcon_meta']
[0.108s] Level 1:colcon.colcon_core.package_identification:_identify(src) by extension 'colcon_meta'
[0.108s] Level 1:colcon.colcon_core.package_identification:_identify(src) by extensions ['ros']
[0.108s] Level 1:colcon.colcon_core.package_identification:_identify(src) by extension 'ros'
[0.108s] Level 1:colcon.colcon_core.package_identification:_identify(src) by extensions ['cmake', 'python']
[0.108s] Level 1:colcon.colcon_core.package_identification:_identify(src) by extension 'cmake'
[0.108s] Level 1:colcon.colcon_core.package_identification:_identify(src) by extension 'python'
[0.108s] Level 1:colcon.colcon_core.package_identification:_identify(src) by extensions ['python_setup_py']
[0.108s] Level 1:colcon.colcon_core.package_identification:_identify(src) by extension 'python_setup_py'
[0.108s] Level 1:colcon.colcon_core.package_identification:_identify(src/build) by extensions ['ignore', 'ignore_ament_install']
[0.108s] Level 1:colcon.colcon_core.package_identification:_identify(src/build) by extension 'ignore'
[0.108s] Level 1:colcon.colcon_core.package_identification:_identify(src/build) ignored
[0.108s] Level 1:colcon.colcon_core.package_identification:_identify(src/install) by extensions ['ignore', 'ignore_ament_install']
[0.108s] Level 1:colcon.colcon_core.package_identification:_identify(src/install) by extension 'ignore'
[0.108s] Level 1:colcon.colcon_core.package_identification:_identify(src/install) ignored
[0.109s] Level 1:colcon.colcon_core.package_identification:_identify(src/log) by extensions ['ignore', 'ignore_ament_install']
[0.109s] Level 1:colcon.colcon_core.package_identification:_identify(src/log) by extension 'ignore'
[0.109s] Level 1:colcon.colcon_core.package_identification:_identify(src/log) ignored
[0.109s] Level 1:colcon.colcon_core.package_identification:_identify(src/tactile_sensing) by extensions ['ignore', 'ignore_ament_install']
[0.109s] Level 1:colcon.colcon_core.package_identification:_identify(src/tactile_sensing) by extension 'ignore'
[0.109s] Level 1:colcon.colcon_core.package_identification:_identify(src/tactile_sensing) by extension 'ignore_ament_install'
[0.109s] Level 1:colcon.colcon_core.package_identification:_identify(src/tactile_sensing) by extensions ['colcon_pkg']
[0.109s] Level 1:colcon.colcon_core.package_identification:_identify(src/tactile_sensing) by extension 'colcon_pkg'
[0.109s] Level 1:colcon.colcon_core.package_identification:_identify(src/tactile_sensing) by extensions ['colcon_meta']
[0.109s] Level 1:colcon.colcon_core.package_identification:_identify(src/tactile_sensing) by extension 'colcon_meta'
[0.109s] Level 1:colcon.colcon_core.package_identification:_identify(src/tactile_sensing) by extensions ['ros']
[0.109s] Level 1:colcon.colcon_core.package_identification:_identify(src/tactile_sensing) by extension 'ros'
[0.110s] DEBUG:colcon.colcon_core.package_identification:Package 'src/tactile_sensing' with type 'ros.ament_python' and name 'tactile_sensing'
[0.110s] Level 1:colcon.colcon_core.package_discovery:discover_packages(recursive) using defaults
[0.110s] Level 1:colcon.colcon_core.package_discovery:discover_packages(ignore) discover
[0.110s] Level 1:colcon.colcon_core.package_discovery:discover_packages(ignore) using defaults
[0.110s] Level 1:colcon.colcon_core.package_discovery:discover_packages(path) discover
[0.110s] Level 1:colcon.colcon_core.package_discovery:discover_packages(path) using defaults
[0.121s] Level 1:colcon.colcon_core.package_discovery:discover_packages(prefix_path) check parameters
[0.121s] Level 1:colcon.colcon_core.package_discovery:discover_packages(prefix_path) discover
[0.121s] Level 1:colcon.colcon_core.package_discovery:discover_packages(prefix_path) using defaults
[0.122s] Level 5:colcon.colcon_core.verb:set package 'tactile_sensing' build argument 'cmake_args' from command line to 'None'
[0.122s] Level 5:colcon.colcon_core.verb:set package 'tactile_sensing' build argument 'cmake_target' from command line to 'None'
[0.122s] Level 5:colcon.colcon_core.verb:set package 'tactile_sensing' build argument 'cmake_target_skip_unavailable' from command line to 'False'
[0.122s] Level 5:colcon.colcon_core.verb:set package 'tactile_sensing' build argument 'cmake_clean_cache' from command line to 'False'
[0.122s] Level 5:colcon.colcon_core.verb:set package 'tactile_sensing' build argument 'cmake_clean_first' from command line to 'False'
[0.122s] Level 5:colcon.colcon_core.verb:set package 'tactile_sensing' build argument 'cmake_force_configure' from command line to 'False'
[0.122s] Level 5:colcon.colcon_core.verb:set package 'tactile_sensing' build argument 'ament_cmake_args' from command line to 'None'
[0.122s] Level 5:colcon.colcon_core.verb:set package 'tactile_sensing' build argument 'catkin_cmake_args' from command line to 'None'
[0.122s] Level 5:colcon.colcon_core.verb:set package 'tactile_sensing' build argument 'catkin_skip_building_tests' from command line to 'False'
[0.122s] DEBUG:colcon.colcon_core.verb:Building package 'tactile_sensing' with the following arguments: {'ament_cmake_args': None, 'build_base': '/home/amey/robot_learning/tactile_ws/build/tactile_sensing', 'catkin_cmake_args': None, 'catkin_skip_building_tests': False, 'cmake_args': None, 'cmake_clean_cache': False, 'cmake_clean_first': False, 'cmake_force_configure': False, 'cmake_target': None, 'cmake_target_skip_unavailable': False, 'install_base': '/home/amey/robot_learning/tactile_ws/install/tactile_sensing', 'merge_install': False, 'path': '/home/amey/robot_learning/tactile_ws/src/tactile_sensing', 'symlink_install': False, 'test_result_base': None}
[0.122s] INFO:colcon.colcon_core.executor:Executing jobs using 'parallel' executor
[0.123s] DEBUG:colcon.colcon_parallel_executor.executor.parallel:run_until_complete
[0.123s] INFO:colcon.colcon_ros.task.ament_python.build:Building ROS package in '/home/amey/robot_learning/tactile_ws/src/tactile_sensing' with build type 'ament_python'
[0.123s] Level 1:colcon.colcon_core.shell:create_environment_hook('tactile_sensing', 'ament_prefix_path')
[0.124s] INFO:colcon.colcon_core.plugin_system:Skipping extension 'colcon_core.shell.bat': Not used on non-Windows systems
[0.124s] INFO:colcon.colcon_core.shell:Creating environment hook '/home/amey/robot_learning/tactile_ws/install/tactile_sensing/share/tactile_sensing/hook/ament_prefix_path.ps1'
[0.124s] INFO:colcon.colcon_core.shell:Creating environment descriptor '/home/amey/robot_learning/tactile_ws/install/tactile_sensing/share/tactile_sensing/hook/ament_prefix_path.dsv'
[0.125s] INFO:colcon.colcon_core.shell:Creating environment hook '/home/amey/robot_learning/tactile_ws/install/tactile_sensing/share/tactile_sensing/hook/ament_prefix_path.sh'
[0.125s] INFO:colcon.colcon_core.shell:Skip shell extension 'powershell' for command environment: Not usable outside of PowerShell
[0.125s] DEBUG:colcon.colcon_core.shell:Skip shell extension 'dsv' for command environment
[0.236s] INFO:colcon.colcon_core.task.python.build:Building Python package in '/home/amey/robot_learning/tactile_ws/src/tactile_sensing'
[0.236s] INFO:colcon.colcon_core.shell:Skip shell extension 'powershell' for command environment: Not usable outside of PowerShell
[0.236s] DEBUG:colcon.colcon_core.shell:Skip shell extension 'dsv' for command environment
[0.395s] DEBUG:colcon.colcon_core.event_handler.log_command:Invoking command in '/home/amey/robot_learning/tactile_ws/src/tactile_sensing': PYTHONPATH=/home/amey/robot_learning/tactile_ws/build/tactile_sensing/prefix_override:/usr/lib/python3/dist-packages/colcon_core/task/python/colcon_distutils_commands:/home/amey/robot_learning/tactile_ws/install/tactile_sensing/lib/python3.10/site-packages: /usr/bin/python3 -W ignore:setup.py install is deprecated -W ignore:easy_install command is deprecated setup.py egg_info --egg-base ../../build/tactile_sensing build --build-base /home/amey/robot_learning/tactile_ws/build/tactile_sensing/build install --record /home/amey/robot_learning/tactile_ws/build/tactile_sensing/install.log --single-version-externally-managed install_data
[0.527s] DEBUG:colcon.colcon_core.event_handler.log_command:Invoked command in '/home/amey/robot_learning/tactile_ws/src/tactile_sensing' returned '0': PYTHONPATH=/home/amey/robot_learning/tactile_ws/build/tactile_sensing/prefix_override:/usr/lib/python3/dist-packages/colcon_core/task/python/colcon_distutils_commands:/home/amey/robot_learning/tactile_ws/install/tactile_sensing/lib/python3.10/site-packages: /usr/bin/python3 -W ignore:setup.py install is deprecated -W ignore:easy_install command is deprecated setup.py egg_info --egg-base ../../build/tactile_sensing build --build-base /home/amey/robot_learning/tactile_ws/build/tactile_sensing/build install --record /home/amey/robot_learning/tactile_ws/build/tactile_sensing/install.log --single-version-externally-managed install_data
[0.529s] Level 1:colcon.colcon_core.environment:checking '/home/amey/robot_learning/tactile_ws/install/tactile_sensing' for CMake module files
[0.530s] Level 1:colcon.colcon_core.environment:checking '/home/amey/robot_learning/tactile_ws/install/tactile_sensing' for CMake config files
[0.530s] Level 1:colcon.colcon_core.environment:checking '/home/amey/robot_learning/tactile_ws/install/tactile_sensing/lib'
[0.531s] Level 1:colcon.colcon_core.environment:checking '/home/amey/robot_learning/tactile_ws/install/tactile_sensing/bin'
[0.531s] Level 1:colcon.colcon_core.environment:checking '/home/amey/robot_learning/tactile_ws/install/tactile_sensing/lib/pkgconfig/tactile_sensing.pc'
[0.531s] Level 1:colcon.colcon_core.environment:checking '/home/amey/robot_learning/tactile_ws/install/tactile_sensing/lib/python3.10/site-packages'
[0.531s] Level 1:colcon.colcon_core.shell:create_environment_hook('tactile_sensing', 'pythonpath')
[0.531s] INFO:colcon.colcon_core.shell:Creating environment hook '/home/amey/robot_learning/tactile_ws/install/tactile_sensing/share/tactile_sensing/hook/pythonpath.ps1'
[0.532s] INFO:colcon.colcon_core.shell:Creating environment descriptor '/home/amey/robot_learning/tactile_ws/install/tactile_sensing/share/tactile_sensing/hook/pythonpath.dsv'
[0.532s] INFO:colcon.colcon_core.shell:Creating environment hook '/home/amey/robot_learning/tactile_ws/install/tactile_sensing/share/tactile_sensing/hook/pythonpath.sh'
[0.533s] Level 1:colcon.colcon_core.environment:checking '/home/amey/robot_learning/tactile_ws/install/tactile_sensing/bin'
[0.533s] Level 1:colcon.colcon_core.environment:create_environment_scripts_only(tactile_sensing)
[0.533s] INFO:colcon.colcon_core.shell:Creating package script '/home/amey/robot_learning/tactile_ws/install/tactile_sensing/share/tactile_sensing/package.ps1'
[0.534s] INFO:colcon.colcon_core.shell:Creating package descriptor '/home/amey/robot_learning/tactile_ws/install/tactile_sensing/share/tactile_sensing/package.dsv'
[0.535s] INFO:colcon.colcon_core.shell:Creating package script '/home/amey/robot_learning/tactile_ws/install/tactile_sensing/share/tactile_sensing/package.sh'
[0.536s] INFO:colcon.colcon_core.shell:Creating package script '/home/amey/robot_learning/tactile_ws/install/tactile_sensing/share/tactile_sensing/package.bash'
[0.536s] INFO:colcon.colcon_core.shell:Creating package script '/home/amey/robot_learning/tactile_ws/install/tactile_sensing/share/tactile_sensing/package.zsh'
[0.537s] Level 1:colcon.colcon_core.environment:create_file_with_runtime_dependencies(/home/amey/robot_learning/tactile_ws/install/tactile_sensing/share/colcon-core/packages/tactile_sensing)
[0.537s] DEBUG:colcon.colcon_parallel_executor.executor.parallel:closing loop
[0.538s] DEBUG:colcon.colcon_parallel_executor.executor.parallel:loop closed
[0.538s] DEBUG:colcon.colcon_parallel_executor.executor.parallel:run_until_complete finished with '0'
[0.538s] DEBUG:colcon.colcon_core.event_reactor:joining thread
[0.543s] INFO:colcon.colcon_core.plugin_system:Skipping extension 'colcon_notification.desktop_notification.terminal_notifier': Not used on non-Darwin systems
[0.544s] INFO:colcon.colcon_core.plugin_system:Skipping extension 'colcon_notification.desktop_notification.win32': Not used on non-Windows systems
[0.544s] INFO:colcon.colcon_notification.desktop_notification:Sending desktop notification using 'notify2'
[0.557s] DEBUG:colcon.colcon_core.event_reactor:joined thread
[0.558s] INFO:colcon.colcon_core.shell:Creating prefix script '/home/amey/robot_learning/tactile_ws/install/local_setup.ps1'
[0.559s] INFO:colcon.colcon_core.shell:Creating prefix util module '/home/amey/robot_learning/tactile_ws/install/_local_setup_util_ps1.py'
[0.560s] INFO:colcon.colcon_core.shell:Creating prefix chain script '/home/amey/robot_learning/tactile_ws/install/setup.ps1'
[0.561s] INFO:colcon.colcon_core.shell:Creating prefix script '/home/amey/robot_learning/tactile_ws/install/local_setup.sh'
[0.562s] INFO:colcon.colcon_core.shell:Creating prefix util module '/home/amey/robot_learning/tactile_ws/install/_local_setup_util_sh.py'
[0.562s] INFO:colcon.colcon_core.shell:Creating prefix chain script '/home/amey/robot_learning/tactile_ws/install/setup.sh'
[0.563s] INFO:colcon.colcon_core.shell:Creating prefix script '/home/amey/robot_learning/tactile_ws/install/local_setup.bash'
[0.563s] INFO:colcon.colcon_core.shell:Creating prefix chain script '/home/amey/robot_learning/tactile_ws/install/setup.bash'
[0.564s] INFO:colcon.colcon_core.shell:Creating prefix script '/home/amey/robot_learning/tactile_ws/install/local_setup.zsh'
[0.564s] INFO:colcon.colcon_core.shell:Creating prefix chain script '/home/amey/robot_learning/tactile_ws/install/setup.zsh'
