running egg_info
creating ../../build/tactile_sensing/tactile_sensing.egg-info
writing ../../build/tactile_sensing/tactile_sensing.egg-info/PKG-INFO
writing dependency_links to ../../build/tactile_sensing/tactile_sensing.egg-info/dependency_links.txt
writing entry points to ../../build/tactile_sensing/tactile_sensing.egg-info/entry_points.txt
writing requirements to ../../build/tactile_sensing/tactile_sensing.egg-info/requires.txt
writing top-level names to ../../build/tactile_sensing/tactile_sensing.egg-info/top_level.txt
writing manifest file '../../build/tactile_sensing/tactile_sensing.egg-info/SOURCES.txt'
reading manifest file '../../build/tactile_sensing/tactile_sensing.egg-info/SOURCES.txt'
writing manifest file '../../build/tactile_sensing/tactile_sensing.egg-info/SOURCES.txt'
running build
running build_py
creating /home/amey/robot_learning/tactile_ws/build/tactile_sensing/build
creating /home/amey/robot_learning/tactile_ws/build/tactile_sensing/build/lib
creating /home/amey/robot_learning/tactile_ws/build/tactile_sensing/build/lib/tactile_sensing
copying tactile_sensing/publisher_member_function.py -> /home/amey/robot_learning/tactile_ws/build/tactile_sensing/build/lib/tactile_sensing
copying tactile_sensing/__init__.py -> /home/amey/robot_learning/tactile_ws/build/tactile_sensing/build/lib/tactile_sensing
running install
running install_lib
creating /home/amey/robot_learning/tactile_ws/install/tactile_sensing/lib/python3.10/site-packages/tactile_sensing
copying /home/amey/robot_learning/tactile_ws/build/tactile_sensing/build/lib/tactile_sensing/publisher_member_function.py -> /home/amey/robot_learning/tactile_ws/install/tactile_sensing/lib/python3.10/site-packages/tactile_sensing
copying /home/amey/robot_learning/tactile_ws/build/tactile_sensing/build/lib/tactile_sensing/__init__.py -> /home/amey/robot_learning/tactile_ws/install/tactile_sensing/lib/python3.10/site-packages/tactile_sensing
byte-compiling /home/amey/robot_learning/tactile_ws/install/tactile_sensing/lib/python3.10/site-packages/tactile_sensing/publisher_member_function.py to publisher_member_function.cpython-310.pyc
byte-compiling /home/amey/robot_learning/tactile_ws/install/tactile_sensing/lib/python3.10/site-packages/tactile_sensing/__init__.py to __init__.cpython-310.pyc
running install_data
creating /home/amey/robot_learning/tactile_ws/install/tactile_sensing/share/ament_index
creating /home/amey/robot_learning/tactile_ws/install/tactile_sensing/share/ament_index/resource_index
creating /home/amey/robot_learning/tactile_ws/install/tactile_sensing/share/ament_index/resource_index/packages
copying resource/tactile_sensing -> /home/amey/robot_learning/tactile_ws/install/tactile_sensing/share/ament_index/resource_index/packages
copying package.xml -> /home/amey/robot_learning/tactile_ws/install/tactile_sensing/share/tactile_sensing
running install_egg_info
Copying ../../build/tactile_sensing/tactile_sensing.egg-info to /home/amey/robot_learning/tactile_ws/install/tactile_sensing/lib/python3.10/site-packages/tactile_sensing-0.0.0-py3.10.egg-info
running install_scripts
writing list of installed files to '/home/amey/robot_learning/tactile_ws/build/tactile_sensing/install.log'
