[0.328s] Invoking command in '/home/amey/robot_learning/tactile_ws/src/tactile_sensing': PYTHONPATH=/home/amey/robot_learning/tactile_ws/build/tactile_sensing/prefix_override:/usr/lib/python3/dist-packages/colcon_core/task/python/colcon_distutils_commands:/home/amey/robot_learning/tactile_ws/install/tactile_sensing/lib/python3.10/site-packages:${PYTHONPATH} /usr/bin/python3 -W ignore:setup.py install is deprecated -W ignore:easy_install command is deprecated setup.py egg_info --egg-base ../../build/tactile_sensing build --build-base /home/amey/robot_learning/tactile_ws/build/tactile_sensing/build install --record /home/amey/robot_learning/tactile_ws/build/tactile_sensing/install.log --single-version-externally-managed install_data
[0.438s] running egg_info
[0.438s] writing ../../build/tactile_sensing/tactile_sensing.egg-info/PKG-INFO
[0.438s] writing dependency_links to ../../build/tactile_sensing/tactile_sensing.egg-info/dependency_links.txt
[0.438s] writing entry points to ../../build/tactile_sensing/tactile_sensing.egg-info/entry_points.txt
[0.438s] writing requirements to ../../build/tactile_sensing/tactile_sensing.egg-info/requires.txt
[0.438s] writing top-level names to ../../build/tactile_sensing/tactile_sensing.egg-info/top_level.txt
[0.439s] reading manifest file '../../build/tactile_sensing/tactile_sensing.egg-info/SOURCES.txt'
[0.440s] writing manifest file '../../build/tactile_sensing/tactile_sensing.egg-info/SOURCES.txt'
[0.440s] running build
[0.440s] running build_py
[0.440s] running install
[0.440s] running install_lib
[0.441s] running install_data
[0.441s] running install_egg_info
[0.442s] removing '/home/amey/robot_learning/tactile_ws/install/tactile_sensing/lib/python3.10/site-packages/tactile_sensing-0.0.0-py3.10.egg-info' (and everything under it)
[0.442s] Copying ../../build/tactile_sensing/tactile_sensing.egg-info to /home/amey/robot_learning/tactile_ws/install/tactile_sensing/lib/python3.10/site-packages/tactile_sensing-0.0.0-py3.10.egg-info
[0.442s] running install_scripts
[0.453s] writing list of installed files to '/home/amey/robot_learning/tactile_ws/build/tactile_sensing/install.log'
[0.465s] Invoked command in '/home/amey/robot_learning/tactile_ws/src/tactile_sensing' returned '0': PYTHONPATH=/home/amey/robot_learning/tactile_ws/build/tactile_sensing/prefix_override:/usr/lib/python3/dist-packages/colcon_core/task/python/colcon_distutils_commands:/home/amey/robot_learning/tactile_ws/install/tactile_sensing/lib/python3.10/site-packages:${PYTHONPATH} /usr/bin/python3 -W ignore:setup.py install is deprecated -W ignore:easy_install command is deprecated setup.py egg_info --egg-base ../../build/tactile_sensing build --build-base /home/amey/robot_learning/tactile_ws/build/tactile_sensing/build install --record /home/amey/robot_learning/tactile_ws/build/tactile_sensing/install.log --single-version-externally-managed install_data
